<?xml version="1.0" encoding="UTF-8"?>
<!-- Generated by org.testng.reporters.JUnitReportReporter -->
<testsuite hostname="EC2AMAZ-8K1VTOL" failures="0" tests="3" name="tests.Navigation_Testclass2" time="6.798" errors="0" timestamp="2022-09-11T17:10:48 GMT" skipped="0">
  <testcase classname="tests.Navigation_Testclass2" name="wishlist" time="2.744"/>
  <system-out>
    <![CDATA[Expected title = Wish List
Actual title = Wish List
wish list web page validated successfully]]>
  </system-out>
  <testcase classname="tests.Navigation_Testclass2" name="AmazonPay" time="1.852"/>
  <system-out>
    <![CDATA[Account pay module web page navigated successfully]]>
  </system-out>
  <testcase classname="tests.Navigation_Testclass2" name="NewRelease" time="2.202"/>
  <system-out>
    <![CDATA[New Release module web page navigated successfully]]>
  </system-out>
</testsuite> <!-- tests.Navigation_Testclass2 -->
