<?xml version="1.0" encoding="UTF-8"?>
<!-- Generated by org.testng.reporters.JUnitReportReporter -->
<testsuite hostname="EC2AMAZ-8K1VTOL" failures="0" tests="2" name="tests.BasicValidation_Testclass1" time="2.172" errors="0" timestamp="2022-09-11T17:10:48 GMT" skipped="0">
  <testcase classname="tests.BasicValidation_Testclass1" name="titleValidation" time="0.869"/>
  <system-out>
    <![CDATA[Expected title = Online Shopping site in India: Shop Online for Mobiles, Books, Watches, Shoes and More - Amazon.in
Actual title = Online Shopping site in India: Shop Online for Mobiles, Books, Watches, Shoes and More - Amazon.in]]>
  </system-out>
  <testcase classname="tests.BasicValidation_Testclass1" name="urlValidation" time="1.303"/>
  <system-out>
    <![CDATA[Expected URL = https://www.amazon.in/
Actual URL = https://www.amazon.in/]]>
  </system-out>
</testsuite> <!-- tests.BasicValidation_Testclass1 -->
