<?xml version="1.0" encoding="UTF-8"?>
<!-- Generated by org.testng.reporters.JUnitReportReporter -->
<testsuite hostname="EC2AMAZ-8K1VTOL" failures="0" tests="2" name="tests.LoginValidation_Testclass3" time="9.672" errors="0" timestamp="2022-09-11T17:10:48 GMT" skipped="0">
  <testcase classname="tests.LoginValidation_Testclass3" name="validUsernameValidPassword" time="3.913"/>
  <system-out>
    <![CDATA[username = sathyashakthi9@gmail.com
password = validpassword123
sathyashakthi9@gmail.com
validpassword123]]>
  </system-out>
  <testcase classname="tests.LoginValidation_Testclass3" name="invalidUsernameValidPassword" time="5.759"/>
  <system-out>
    <![CDATA[username = invalid-dan@gmail.com
password = invalid-test1234
invalid-dan@gmail.com
invalid-test1234]]>
  </system-out>
</testsuite> <!-- tests.LoginValidation_Testclass3 -->
