<?xml version="1.0" encoding="UTF-8"?>
<!-- Generated by org.testng.reporters.JUnitReportReporter -->
<testsuite hostname="EC2AMAZ-8K1VTOL" failures="0" tests="10" name="tests.Search_Testclass4" time="44.940" errors="0" timestamp="2022-09-11T17:10:48 GMT" skipped="0">
  <testcase classname="tests.Search_Testclass4" name="validate_Mobile" time="4.130"/>
  <system-out>
    <![CDATA[switched to different iframe to validate the mobile title
current page title is Mi Redmi 8 Smartphone (Onyx Black, 4GB RAM, 64GB Storage) : Amazon.in: Electronics]]>
  </system-out>
  <testcase classname="tests.Search_Testclass4" name="add_To_Cart" time="7.431"/>
  <system-out>
    <![CDATA[added to cart successfully
validated the message ]]>
  </system-out>
  <testcase classname="tests.Search_Testclass4" name="sponsored_Link" time="13.966"/>
  <system-out>
    <![CDATA[first item from sponsored item is chosen]]>
  </system-out>
  <testcase classname="tests.Search_Testclass4" name="first_Mobile" time="3.616"/>
  <system-out>
    <![CDATA[First mi mobile product selected successfully with 4 star rating]]>
  </system-out>
  <testcase classname="tests.Search_Testclass4" name="tecnical_Details" time="4.273"/>
  <system-out/>
  <testcase classname="tests.Search_Testclass4" name="validate_Mobile_Price" time="0.546"/>
  <system-out>
    <![CDATA[₹ 10,675.00]]>
  </system-out>
  <testcase classname="tests.Search_Testclass4" name="validate_Pincode" time="6.110"/>
  <system-out>
    <![CDATA[Delivered to < Bengaluru 560079‌ >
Pincode entered successfully]]>
  </system-out>
  <testcase classname="tests.Search_Testclass4" name="customer_Review" time="0.558"/>
  <system-out>
    <![CDATA[4 star customer reveiew clicked successfully]]>
  </system-out>
  <testcase classname="tests.Search_Testclass4" name="validate_Delivery_Location" time="0.857"/>
  <system-out>
    <![CDATA[Delivery location selected successfully]]>
  </system-out>
  <testcase classname="tests.Search_Testclass4" name="search_MiMobile" time="3.453"/>
  <system-out>
    <![CDATA[navigated to search box successfully ]]>
  </system-out>
</testsuite> <!-- tests.Search_Testclass4 -->
