<?xml version="1.0" encoding="UTF-8"?>
<!-- Generated by org.testng.reporters.JUnitReportReporter -->
<testsuite hostname="EC2AMAZ-8K1VTOL" failures="0" tests="7" name="tests.LoginValidation" time="1.870" errors="0" timestamp="2022-09-05T14:09:46 GMT" skipped="0">
  <testcase classname="tests.LoginValidation" name="blankUsernameBlankPassword" time="0.276"/>
  <system-out>
    <![CDATA[username = 
password = ]]>
  </system-out>
  <testcase classname="tests.LoginValidation" name="blankUsernameValidPassword" time="0.438"/>
  <system-out>
    <![CDATA[username = 
password = test1234]]>
  </system-out>
  <testcase classname="tests.LoginValidation" name="invalidUsernameInvalidPassword" time="0.272"/>
  <system-out>
    <![CDATA[username = invalid-john@gmail.com
password = invalid-test1234]]>
  </system-out>
  <testcase classname="tests.LoginValidation" name="invalidUsernameValidPassword" time="0.254"/>
  <system-out>
    <![CDATA[username = invalid-john@gmail.com
password = test1234]]>
  </system-out>
  <testcase classname="tests.LoginValidation" name="validUsernameBlankPassword" time="0.193"/>
  <system-out>
    <![CDATA[username = john@gmail.com
password = ]]>
  </system-out>
  <testcase classname="tests.LoginValidation" name="validUsernameValidPassword" time="0.217"/>
  <system-out>
    <![CDATA[username = john@gmail.com
password = test1234]]>
  </system-out>
  <testcase classname="tests.LoginValidation" name="validUsernameInvalidPassword" time="0.220"/>
  <system-out>
    <![CDATA[username = john@gmail.com
password = invalid-test1234]]>
  </system-out>
</testsuite> <!-- tests.LoginValidation -->
